ERROR	2020-11-04 17:42:05,142	0	org.hyperledger.fabric.sdk.Channel	[main]	Channel Channel{id: 1, name: mychannel} Sending proposal with transaction: c3e6c1a6e8925a3aa843cef2d827b6b3e4827093264fc6ae94c7270e796674b2 to Peer{ id: 2, name: peer0.org1.example.com, channelName: mychannel, url: grpcs://localhost:7051, mspid: Org1MSP} failed because of: gRPC failure=Status{code=UNKNOWN, description=error validating proposal: access denied: channel [mychannel] creator org [Org1MSP], cause=null}
java.lang.Exception: io.grpc.StatusRuntimeException: UNKNOWN: error validating proposal: access denied: channel [mychannel] creator org [Org1MSP]
	at org.hyperledger.fabric.sdk.Channel.sendProposalToPeers(Channel.java:4965)
	at org.hyperledger.fabric.sdk.Channel.sendProposalToPeers(Channel.java:4868)
	at org.hyperledger.fabric.sdk.Channel.getConfigBlock(Channel.java:941)
	at org.hyperledger.fabric.sdk.Channel.getConfigBlock(Channel.java:907)
	at org.hyperledger.fabric.sdk.Channel.parseConfigBlock(Channel.java:1994)
	at org.hyperledger.fabric.sdk.Channel.loadCACertificates(Channel.java:1831)
	at org.hyperledger.fabric.sdk.Channel.initialize(Channel.java:1222)
	at org.hyperledger.fabric.gateway.impl.NetworkImpl.initializeChannel(NetworkImpl.java:59)
	at org.hyperledger.fabric.gateway.impl.NetworkImpl.<init>(NetworkImpl.java:50)
	at org.hyperledger.fabric.gateway.impl.GatewayImpl.getNetwork(GatewayImpl.java:252)
	at application.java.App.main(App.java:55)
Caused by: io.grpc.StatusRuntimeException: UNKNOWN: error validating proposal: access denied: channel [mychannel] creator org [Org1MSP]
	at io.grpc.Status.asRuntimeException(Status.java:533)
	at io.grpc.stub.ClientCalls$UnaryStreamToFuture.onClose(ClientCalls.java:490)
	at io.grpc.PartialForwardingClientCallListener.onClose(PartialForwardingClientCallListener.java:39)
	at io.grpc.ForwardingClientCallListener.onClose(ForwardingClientCallListener.java:23)
	at io.grpc.ForwardingClientCallListener$SimpleForwardingClientCallListener.onClose(ForwardingClientCallListener.java:40)
	at io.grpc.internal.CensusStatsModule$StatsClientInterceptor$1$1.onClose(CensusStatsModule.java:700)
	at io.grpc.PartialForwardingClientCallListener.onClose(PartialForwardingClientCallListener.java:39)
	at io.grpc.ForwardingClientCallListener.onClose(ForwardingClientCallListener.java:23)
	at io.grpc.ForwardingClientCallListener$SimpleForwardingClientCallListener.onClose(ForwardingClientCallListener.java:40)
	at io.grpc.internal.CensusTracingModule$TracingClientInterceptor$1$1.onClose(CensusTracingModule.java:399)
	at io.grpc.internal.ClientCallImpl.closeObserver(ClientCallImpl.java:510)
	at io.grpc.internal.ClientCallImpl.access$300(ClientCallImpl.java:66)
	at io.grpc.internal.ClientCallImpl$ClientStreamListenerImpl.close(ClientCallImpl.java:630)
	at io.grpc.internal.ClientCallImpl$ClientStreamListenerImpl.access$700(ClientCallImpl.java:518)
	at io.grpc.internal.ClientCallImpl$ClientStreamListenerImpl$1StreamClosed.runInternal(ClientCallImpl.java:692)
	at io.grpc.internal.ClientCallImpl$ClientStreamListenerImpl$1StreamClosed.runInContext(ClientCallImpl.java:681)
	at io.grpc.internal.ContextRunnable.run(ContextRunnable.java:37)
	at io.grpc.internal.SerializingExecutor.run(SerializingExecutor.java:123)
	at java.base/java.util.concurrent.ThreadPoolExecutor.runWorker(ThreadPoolExecutor.java:1128)
	at java.base/java.util.concurrent.ThreadPoolExecutor$Worker.run(ThreadPoolExecutor.java:628)
	at java.base/java.lang.Thread.run(Thread.java:834)
ERROR	2020-11-04 17:42:05,144	2	org.hyperledger.fabric.sdk.Channel	[main]	getConfigBlock for channel mychannel failed with peer peer0.org1.example.com.  Status FAILURE, details: Channel Channel{id: 1, name: mychannel} Sending proposal with transaction: c3e6c1a6e8925a3aa843cef2d827b6b3e4827093264fc6ae94c7270e796674b2 to Peer{ id: 2, name: peer0.org1.example.com, channelName: mychannel, url: grpcs://localhost:7051, mspid: Org1MSP} failed because of: gRPC failure=Status{code=UNKNOWN, description=error validating proposal: access denied: channel [mychannel] creator org [Org1MSP], cause=null}
org.hyperledger.fabric.sdk.exception.ProposalException: getConfigBlock for channel mychannel failed with peer peer0.org1.example.com.  Status FAILURE, details: Channel Channel{id: 1, name: mychannel} Sending proposal with transaction: c3e6c1a6e8925a3aa843cef2d827b6b3e4827093264fc6ae94c7270e796674b2 to Peer{ id: 2, name: peer0.org1.example.com, channelName: mychannel, url: grpcs://localhost:7051, mspid: Org1MSP} failed because of: gRPC failure=Status{code=UNKNOWN, description=error validating proposal: access denied: channel [mychannel] creator org [Org1MSP], cause=null}
	at org.hyperledger.fabric.sdk.Channel.getConfigBlock(Channel.java:952)
	at org.hyperledger.fabric.sdk.Channel.getConfigBlock(Channel.java:907)
	at org.hyperledger.fabric.sdk.Channel.parseConfigBlock(Channel.java:1994)
	at org.hyperledger.fabric.sdk.Channel.loadCACertificates(Channel.java:1831)
	at org.hyperledger.fabric.sdk.Channel.initialize(Channel.java:1222)
	at org.hyperledger.fabric.gateway.impl.NetworkImpl.initializeChannel(NetworkImpl.java:59)
	at org.hyperledger.fabric.gateway.impl.NetworkImpl.<init>(NetworkImpl.java:50)
	at org.hyperledger.fabric.gateway.impl.GatewayImpl.getNetwork(GatewayImpl.java:252)
	at application.java.App.main(App.java:55)
ERROR	2020-11-04 17:42:05,592	450	org.hyperledger.fabric.sdk.ServiceDiscovery	[main]	Error access denied
ERROR	2020-11-04 18:35:49,958	0	org.hyperledger.fabric.sdk.Channel	[main]	Channel Channel{id: 1, name: mychannel} Sending proposal with transaction: a5bfda2544ed19c243c80f54ebfa5cb9dab5745fa5c18b3ec785e64a0399d984 to Peer{ id: 2, name: peer0.org1.example.com, channelName: mychannel, url: grpcs://localhost:7051, mspid: Org1MSP} failed because of: gRPC failure=Status{code=UNKNOWN, description=error validating proposal: access denied: channel [mychannel] creator org [Org1MSP], cause=null}
java.lang.Exception: io.grpc.StatusRuntimeException: UNKNOWN: error validating proposal: access denied: channel [mychannel] creator org [Org1MSP]
	at org.hyperledger.fabric.sdk.Channel.sendProposalToPeers(Channel.java:4965)
	at org.hyperledger.fabric.sdk.Channel.sendProposalToPeers(Channel.java:4868)
	at org.hyperledger.fabric.sdk.Channel.getConfigBlock(Channel.java:941)
	at org.hyperledger.fabric.sdk.Channel.getConfigBlock(Channel.java:907)
	at org.hyperledger.fabric.sdk.Channel.parseConfigBlock(Channel.java:1994)
	at org.hyperledger.fabric.sdk.Channel.loadCACertificates(Channel.java:1831)
	at org.hyperledger.fabric.sdk.Channel.initialize(Channel.java:1222)
	at org.hyperledger.fabric.gateway.impl.NetworkImpl.initializeChannel(NetworkImpl.java:59)
	at org.hyperledger.fabric.gateway.impl.NetworkImpl.<init>(NetworkImpl.java:50)
	at org.hyperledger.fabric.gateway.impl.GatewayImpl.getNetwork(GatewayImpl.java:252)
	at application.java.App.main(App.java:55)
Caused by: io.grpc.StatusRuntimeException: UNKNOWN: error validating proposal: access denied: channel [mychannel] creator org [Org1MSP]
	at io.grpc.Status.asRuntimeException(Status.java:533)
	at io.grpc.stub.ClientCalls$UnaryStreamToFuture.onClose(ClientCalls.java:490)
	at io.grpc.PartialForwardingClientCallListener.onClose(PartialForwardingClientCallListener.java:39)
	at io.grpc.ForwardingClientCallListener.onClose(ForwardingClientCallListener.java:23)
	at io.grpc.ForwardingClientCallListener$SimpleForwardingClientCallListener.onClose(ForwardingClientCallListener.java:40)
	at io.grpc.internal.CensusStatsModule$StatsClientInterceptor$1$1.onClose(CensusStatsModule.java:700)
	at io.grpc.PartialForwardingClientCallListener.onClose(PartialForwardingClientCallListener.java:39)
	at io.grpc.ForwardingClientCallListener.onClose(ForwardingClientCallListener.java:23)
	at io.grpc.ForwardingClientCallListener$SimpleForwardingClientCallListener.onClose(ForwardingClientCallListener.java:40)
	at io.grpc.internal.CensusTracingModule$TracingClientInterceptor$1$1.onClose(CensusTracingModule.java:399)
	at io.grpc.internal.ClientCallImpl.closeObserver(ClientCallImpl.java:510)
	at io.grpc.internal.ClientCallImpl.access$300(ClientCallImpl.java:66)
	at io.grpc.internal.ClientCallImpl$ClientStreamListenerImpl.close(ClientCallImpl.java:630)
	at io.grpc.internal.ClientCallImpl$ClientStreamListenerImpl.access$700(ClientCallImpl.java:518)
	at io.grpc.internal.ClientCallImpl$ClientStreamListenerImpl$1StreamClosed.runInternal(ClientCallImpl.java:692)
	at io.grpc.internal.ClientCallImpl$ClientStreamListenerImpl$1StreamClosed.runInContext(ClientCallImpl.java:681)
	at io.grpc.internal.ContextRunnable.run(ContextRunnable.java:37)
	at io.grpc.internal.SerializingExecutor.run(SerializingExecutor.java:123)
	at java.base/java.util.concurrent.ThreadPoolExecutor.runWorker(ThreadPoolExecutor.java:1128)
	at java.base/java.util.concurrent.ThreadPoolExecutor$Worker.run(ThreadPoolExecutor.java:628)
	at java.base/java.lang.Thread.run(Thread.java:834)
ERROR	2020-11-04 18:35:49,961	3	org.hyperledger.fabric.sdk.Channel	[main]	getConfigBlock for channel mychannel failed with peer peer0.org1.example.com.  Status FAILURE, details: Channel Channel{id: 1, name: mychannel} Sending proposal with transaction: a5bfda2544ed19c243c80f54ebfa5cb9dab5745fa5c18b3ec785e64a0399d984 to Peer{ id: 2, name: peer0.org1.example.com, channelName: mychannel, url: grpcs://localhost:7051, mspid: Org1MSP} failed because of: gRPC failure=Status{code=UNKNOWN, description=error validating proposal: access denied: channel [mychannel] creator org [Org1MSP], cause=null}
org.hyperledger.fabric.sdk.exception.ProposalException: getConfigBlock for channel mychannel failed with peer peer0.org1.example.com.  Status FAILURE, details: Channel Channel{id: 1, name: mychannel} Sending proposal with transaction: a5bfda2544ed19c243c80f54ebfa5cb9dab5745fa5c18b3ec785e64a0399d984 to Peer{ id: 2, name: peer0.org1.example.com, channelName: mychannel, url: grpcs://localhost:7051, mspid: Org1MSP} failed because of: gRPC failure=Status{code=UNKNOWN, description=error validating proposal: access denied: channel [mychannel] creator org [Org1MSP], cause=null}
	at org.hyperledger.fabric.sdk.Channel.getConfigBlock(Channel.java:952)
	at org.hyperledger.fabric.sdk.Channel.getConfigBlock(Channel.java:907)
	at org.hyperledger.fabric.sdk.Channel.parseConfigBlock(Channel.java:1994)
	at org.hyperledger.fabric.sdk.Channel.loadCACertificates(Channel.java:1831)
	at org.hyperledger.fabric.sdk.Channel.initialize(Channel.java:1222)
	at org.hyperledger.fabric.gateway.impl.NetworkImpl.initializeChannel(NetworkImpl.java:59)
	at org.hyperledger.fabric.gateway.impl.NetworkImpl.<init>(NetworkImpl.java:50)
	at org.hyperledger.fabric.gateway.impl.GatewayImpl.getNetwork(GatewayImpl.java:252)
	at application.java.App.main(App.java:55)
ERROR	2020-11-04 18:35:50,386	428	org.hyperledger.fabric.sdk.ServiceDiscovery	[main]	Error access denied
ERROR	2020-11-04 18:40:22,655	1	org.hyperledger.fabric.sdk.Channel	[main]	Channel Channel{id: 1, name: mychannel} Sending proposal with transaction: 0f864748925736cb8fa66475528a80a0f11c18fa852852ea52ac21e3e48f8d95 to Peer{ id: 2, name: peer0.org1.example.com, channelName: mychannel, url: grpcs://localhost:7051, mspid: Org1MSP} failed because of: gRPC failure=Status{code=UNKNOWN, description=error validating proposal: access denied: channel [mychannel] creator org [Org1MSP], cause=null}
java.lang.Exception: io.grpc.StatusRuntimeException: UNKNOWN: error validating proposal: access denied: channel [mychannel] creator org [Org1MSP]
	at org.hyperledger.fabric.sdk.Channel.sendProposalToPeers(Channel.java:4965)
	at org.hyperledger.fabric.sdk.Channel.sendProposalToPeers(Channel.java:4868)
	at org.hyperledger.fabric.sdk.Channel.getConfigBlock(Channel.java:941)
	at org.hyperledger.fabric.sdk.Channel.getConfigBlock(Channel.java:907)
	at org.hyperledger.fabric.sdk.Channel.parseConfigBlock(Channel.java:1994)
	at org.hyperledger.fabric.sdk.Channel.loadCACertificates(Channel.java:1831)
	at org.hyperledger.fabric.sdk.Channel.initialize(Channel.java:1222)
	at org.hyperledger.fabric.gateway.impl.NetworkImpl.initializeChannel(NetworkImpl.java:59)
	at org.hyperledger.fabric.gateway.impl.NetworkImpl.<init>(NetworkImpl.java:50)
	at org.hyperledger.fabric.gateway.impl.GatewayImpl.getNetwork(GatewayImpl.java:252)
	at application.java.App.main(App.java:55)
Caused by: io.grpc.StatusRuntimeException: UNKNOWN: error validating proposal: access denied: channel [mychannel] creator org [Org1MSP]
	at io.grpc.Status.asRuntimeException(Status.java:533)
	at io.grpc.stub.ClientCalls$UnaryStreamToFuture.onClose(ClientCalls.java:490)
	at io.grpc.PartialForwardingClientCallListener.onClose(PartialForwardingClientCallListener.java:39)
	at io.grpc.ForwardingClientCallListener.onClose(ForwardingClientCallListener.java:23)
	at io.grpc.ForwardingClientCallListener$SimpleForwardingClientCallListener.onClose(ForwardingClientCallListener.java:40)
	at io.grpc.internal.CensusStatsModule$StatsClientInterceptor$1$1.onClose(CensusStatsModule.java:700)
	at io.grpc.PartialForwardingClientCallListener.onClose(PartialForwardingClientCallListener.java:39)
	at io.grpc.ForwardingClientCallListener.onClose(ForwardingClientCallListener.java:23)
	at io.grpc.ForwardingClientCallListener$SimpleForwardingClientCallListener.onClose(ForwardingClientCallListener.java:40)
	at io.grpc.internal.CensusTracingModule$TracingClientInterceptor$1$1.onClose(CensusTracingModule.java:399)
	at io.grpc.internal.ClientCallImpl.closeObserver(ClientCallImpl.java:510)
	at io.grpc.internal.ClientCallImpl.access$300(ClientCallImpl.java:66)
	at io.grpc.internal.ClientCallImpl$ClientStreamListenerImpl.close(ClientCallImpl.java:630)
	at io.grpc.internal.ClientCallImpl$ClientStreamListenerImpl.access$700(ClientCallImpl.java:518)
	at io.grpc.internal.ClientCallImpl$ClientStreamListenerImpl$1StreamClosed.runInternal(ClientCallImpl.java:692)
	at io.grpc.internal.ClientCallImpl$ClientStreamListenerImpl$1StreamClosed.runInContext(ClientCallImpl.java:681)
	at io.grpc.internal.ContextRunnable.run(ContextRunnable.java:37)
	at io.grpc.internal.SerializingExecutor.run(SerializingExecutor.java:123)
	at java.base/java.util.concurrent.ThreadPoolExecutor.runWorker(ThreadPoolExecutor.java:1128)
	at java.base/java.util.concurrent.ThreadPoolExecutor$Worker.run(ThreadPoolExecutor.java:628)
	at java.base/java.lang.Thread.run(Thread.java:834)
ERROR	2020-11-04 18:40:22,668	14	org.hyperledger.fabric.sdk.Channel	[main]	getConfigBlock for channel mychannel failed with peer peer0.org1.example.com.  Status FAILURE, details: Channel Channel{id: 1, name: mychannel} Sending proposal with transaction: 0f864748925736cb8fa66475528a80a0f11c18fa852852ea52ac21e3e48f8d95 to Peer{ id: 2, name: peer0.org1.example.com, channelName: mychannel, url: grpcs://localhost:7051, mspid: Org1MSP} failed because of: gRPC failure=Status{code=UNKNOWN, description=error validating proposal: access denied: channel [mychannel] creator org [Org1MSP], cause=null}
org.hyperledger.fabric.sdk.exception.ProposalException: getConfigBlock for channel mychannel failed with peer peer0.org1.example.com.  Status FAILURE, details: Channel Channel{id: 1, name: mychannel} Sending proposal with transaction: 0f864748925736cb8fa66475528a80a0f11c18fa852852ea52ac21e3e48f8d95 to Peer{ id: 2, name: peer0.org1.example.com, channelName: mychannel, url: grpcs://localhost:7051, mspid: Org1MSP} failed because of: gRPC failure=Status{code=UNKNOWN, description=error validating proposal: access denied: channel [mychannel] creator org [Org1MSP], cause=null}
	at org.hyperledger.fabric.sdk.Channel.getConfigBlock(Channel.java:952)
	at org.hyperledger.fabric.sdk.Channel.getConfigBlock(Channel.java:907)
	at org.hyperledger.fabric.sdk.Channel.parseConfigBlock(Channel.java:1994)
	at org.hyperledger.fabric.sdk.Channel.loadCACertificates(Channel.java:1831)
	at org.hyperledger.fabric.sdk.Channel.initialize(Channel.java:1222)
	at org.hyperledger.fabric.gateway.impl.NetworkImpl.initializeChannel(NetworkImpl.java:59)
	at org.hyperledger.fabric.gateway.impl.NetworkImpl.<init>(NetworkImpl.java:50)
	at org.hyperledger.fabric.gateway.impl.GatewayImpl.getNetwork(GatewayImpl.java:252)
	at application.java.App.main(App.java:55)
ERROR	2020-11-04 20:36:05,558	6942904	org.hyperledger.fabric.sdk.ServiceDiscovery	[main]	Error access denied
ERROR	2020-11-04 23:43:17,293	1	org.hyperledger.fabric.sdk.Channel	[main]	Channel Channel{id: 1, name: mychannel} Sending proposal with transaction: 43d910e2d476922f303d6528a7df1d205678084bde67d167ab1d3da706f812dd to Peer{ id: 2, name: peer0.org1.example.com, channelName: mychannel, url: grpcs://localhost:7051, mspid: Org1MSP} failed because of: gRPC failure=Status{code=UNKNOWN, description=error validating proposal: access denied: channel [mychannel] creator org [Org1MSP], cause=null}
java.lang.Exception: io.grpc.StatusRuntimeException: UNKNOWN: error validating proposal: access denied: channel [mychannel] creator org [Org1MSP]
	at org.hyperledger.fabric.sdk.Channel.sendProposalToPeers(Channel.java:4965)
	at org.hyperledger.fabric.sdk.Channel.sendProposalToPeers(Channel.java:4868)
	at org.hyperledger.fabric.sdk.Channel.getConfigBlock(Channel.java:941)
	at org.hyperledger.fabric.sdk.Channel.getConfigBlock(Channel.java:907)
	at org.hyperledger.fabric.sdk.Channel.parseConfigBlock(Channel.java:1994)
	at org.hyperledger.fabric.sdk.Channel.loadCACertificates(Channel.java:1831)
	at org.hyperledger.fabric.sdk.Channel.initialize(Channel.java:1222)
	at org.hyperledger.fabric.gateway.impl.NetworkImpl.initializeChannel(NetworkImpl.java:59)
	at org.hyperledger.fabric.gateway.impl.NetworkImpl.<init>(NetworkImpl.java:50)
	at org.hyperledger.fabric.gateway.impl.GatewayImpl.getNetwork(GatewayImpl.java:252)
	at application.java.App.main(App.java:55)
Caused by: io.grpc.StatusRuntimeException: UNKNOWN: error validating proposal: access denied: channel [mychannel] creator org [Org1MSP]
	at io.grpc.Status.asRuntimeException(Status.java:533)
	at io.grpc.stub.ClientCalls$UnaryStreamToFuture.onClose(ClientCalls.java:490)
	at io.grpc.PartialForwardingClientCallListener.onClose(PartialForwardingClientCallListener.java:39)
	at io.grpc.ForwardingClientCallListener.onClose(ForwardingClientCallListener.java:23)
	at io.grpc.ForwardingClientCallListener$SimpleForwardingClientCallListener.onClose(ForwardingClientCallListener.java:40)
	at io.grpc.internal.CensusStatsModule$StatsClientInterceptor$1$1.onClose(CensusStatsModule.java:700)
	at io.grpc.PartialForwardingClientCallListener.onClose(PartialForwardingClientCallListener.java:39)
	at io.grpc.ForwardingClientCallListener.onClose(ForwardingClientCallListener.java:23)
	at io.grpc.ForwardingClientCallListener$SimpleForwardingClientCallListener.onClose(ForwardingClientCallListener.java:40)
	at io.grpc.internal.CensusTracingModule$TracingClientInterceptor$1$1.onClose(CensusTracingModule.java:399)
	at io.grpc.internal.ClientCallImpl.closeObserver(ClientCallImpl.java:510)
	at io.grpc.internal.ClientCallImpl.access$300(ClientCallImpl.java:66)
	at io.grpc.internal.ClientCallImpl$ClientStreamListenerImpl.close(ClientCallImpl.java:630)
	at io.grpc.internal.ClientCallImpl$ClientStreamListenerImpl.access$700(ClientCallImpl.java:518)
	at io.grpc.internal.ClientCallImpl$ClientStreamListenerImpl$1StreamClosed.runInternal(ClientCallImpl.java:692)
	at io.grpc.internal.ClientCallImpl$ClientStreamListenerImpl$1StreamClosed.runInContext(ClientCallImpl.java:681)
	at io.grpc.internal.ContextRunnable.run(ContextRunnable.java:37)
	at io.grpc.internal.SerializingExecutor.run(SerializingExecutor.java:123)
	at java.base/java.util.concurrent.ThreadPoolExecutor.runWorker(ThreadPoolExecutor.java:1128)
	at java.base/java.util.concurrent.ThreadPoolExecutor$Worker.run(ThreadPoolExecutor.java:628)
	at java.base/java.lang.Thread.run(Thread.java:834)
ERROR	2020-11-04 23:43:17,306	14	org.hyperledger.fabric.sdk.Channel	[main]	getConfigBlock for channel mychannel failed with peer peer0.org1.example.com.  Status FAILURE, details: Channel Channel{id: 1, name: mychannel} Sending proposal with transaction: 43d910e2d476922f303d6528a7df1d205678084bde67d167ab1d3da706f812dd to Peer{ id: 2, name: peer0.org1.example.com, channelName: mychannel, url: grpcs://localhost:7051, mspid: Org1MSP} failed because of: gRPC failure=Status{code=UNKNOWN, description=error validating proposal: access denied: channel [mychannel] creator org [Org1MSP], cause=null}
org.hyperledger.fabric.sdk.exception.ProposalException: getConfigBlock for channel mychannel failed with peer peer0.org1.example.com.  Status FAILURE, details: Channel Channel{id: 1, name: mychannel} Sending proposal with transaction: 43d910e2d476922f303d6528a7df1d205678084bde67d167ab1d3da706f812dd to Peer{ id: 2, name: peer0.org1.example.com, channelName: mychannel, url: grpcs://localhost:7051, mspid: Org1MSP} failed because of: gRPC failure=Status{code=UNKNOWN, description=error validating proposal: access denied: channel [mychannel] creator org [Org1MSP], cause=null}
	at org.hyperledger.fabric.sdk.Channel.getConfigBlock(Channel.java:952)
	at org.hyperledger.fabric.sdk.Channel.getConfigBlock(Channel.java:907)
	at org.hyperledger.fabric.sdk.Channel.parseConfigBlock(Channel.java:1994)
	at org.hyperledger.fabric.sdk.Channel.loadCACertificates(Channel.java:1831)
	at org.hyperledger.fabric.sdk.Channel.initialize(Channel.java:1222)
	at org.hyperledger.fabric.gateway.impl.NetworkImpl.initializeChannel(NetworkImpl.java:59)
	at org.hyperledger.fabric.gateway.impl.NetworkImpl.<init>(NetworkImpl.java:50)
	at org.hyperledger.fabric.gateway.impl.GatewayImpl.getNetwork(GatewayImpl.java:252)
	at application.java.App.main(App.java:55)
ERROR	2020-11-04 23:43:18,506	1214	org.hyperledger.fabric.sdk.ServiceDiscovery	[main]	Error access denied
ERROR	2020-11-04 23:43:59,753	1	org.hyperledger.fabric.sdk.Channel	[main]	Channel Channel{id: 1, name: mychannel} Sending proposal with transaction: 0daf2df29a35a7790c600c19f539a1f94658fe1bfe3c50604bb790f82f310afa to Peer{ id: 2, name: peer0.org1.example.com, channelName: mychannel, url: grpcs://localhost:7051, mspid: Org1MSP} failed because of: gRPC failure=Status{code=UNKNOWN, description=error validating proposal: access denied: channel [mychannel] creator org [Org1MSP], cause=null}
java.lang.Exception: io.grpc.StatusRuntimeException: UNKNOWN: error validating proposal: access denied: channel [mychannel] creator org [Org1MSP]
	at org.hyperledger.fabric.sdk.Channel.sendProposalToPeers(Channel.java:4965)
	at org.hyperledger.fabric.sdk.Channel.sendProposalToPeers(Channel.java:4868)
	at org.hyperledger.fabric.sdk.Channel.getConfigBlock(Channel.java:941)
	at org.hyperledger.fabric.sdk.Channel.getConfigBlock(Channel.java:907)
	at org.hyperledger.fabric.sdk.Channel.parseConfigBlock(Channel.java:1994)
	at org.hyperledger.fabric.sdk.Channel.loadCACertificates(Channel.java:1831)
	at org.hyperledger.fabric.sdk.Channel.initialize(Channel.java:1222)
	at org.hyperledger.fabric.gateway.impl.NetworkImpl.initializeChannel(NetworkImpl.java:59)
	at org.hyperledger.fabric.gateway.impl.NetworkImpl.<init>(NetworkImpl.java:50)
	at org.hyperledger.fabric.gateway.impl.GatewayImpl.getNetwork(GatewayImpl.java:252)
	at application.java.App.main(App.java:55)
Caused by: io.grpc.StatusRuntimeException: UNKNOWN: error validating proposal: access denied: channel [mychannel] creator org [Org1MSP]
	at io.grpc.Status.asRuntimeException(Status.java:533)
	at io.grpc.stub.ClientCalls$UnaryStreamToFuture.onClose(ClientCalls.java:490)
	at io.grpc.PartialForwardingClientCallListener.onClose(PartialForwardingClientCallListener.java:39)
	at io.grpc.ForwardingClientCallListener.onClose(ForwardingClientCallListener.java:23)
	at io.grpc.ForwardingClientCallListener$SimpleForwardingClientCallListener.onClose(ForwardingClientCallListener.java:40)
	at io.grpc.internal.CensusStatsModule$StatsClientInterceptor$1$1.onClose(CensusStatsModule.java:700)
	at io.grpc.PartialForwardingClientCallListener.onClose(PartialForwardingClientCallListener.java:39)
	at io.grpc.ForwardingClientCallListener.onClose(ForwardingClientCallListener.java:23)
	at io.grpc.ForwardingClientCallListener$SimpleForwardingClientCallListener.onClose(ForwardingClientCallListener.java:40)
	at io.grpc.internal.CensusTracingModule$TracingClientInterceptor$1$1.onClose(CensusTracingModule.java:399)
	at io.grpc.internal.ClientCallImpl.closeObserver(ClientCallImpl.java:510)
	at io.grpc.internal.ClientCallImpl.access$300(ClientCallImpl.java:66)
	at io.grpc.internal.ClientCallImpl$ClientStreamListenerImpl.close(ClientCallImpl.java:630)
	at io.grpc.internal.ClientCallImpl$ClientStreamListenerImpl.access$700(ClientCallImpl.java:518)
	at io.grpc.internal.ClientCallImpl$ClientStreamListenerImpl$1StreamClosed.runInternal(ClientCallImpl.java:692)
	at io.grpc.internal.ClientCallImpl$ClientStreamListenerImpl$1StreamClosed.runInContext(ClientCallImpl.java:681)
	at io.grpc.internal.ContextRunnable.run(ContextRunnable.java:37)
	at io.grpc.internal.SerializingExecutor.run(SerializingExecutor.java:123)
	at java.base/java.util.concurrent.ThreadPoolExecutor.runWorker(ThreadPoolExecutor.java:1128)
	at java.base/java.util.concurrent.ThreadPoolExecutor$Worker.run(ThreadPoolExecutor.java:628)
	at java.base/java.lang.Thread.run(Thread.java:834)
ERROR	2020-11-04 23:43:59,758	6	org.hyperledger.fabric.sdk.Channel	[main]	getConfigBlock for channel mychannel failed with peer peer0.org1.example.com.  Status FAILURE, details: Channel Channel{id: 1, name: mychannel} Sending proposal with transaction: 0daf2df29a35a7790c600c19f539a1f94658fe1bfe3c50604bb790f82f310afa to Peer{ id: 2, name: peer0.org1.example.com, channelName: mychannel, url: grpcs://localhost:7051, mspid: Org1MSP} failed because of: gRPC failure=Status{code=UNKNOWN, description=error validating proposal: access denied: channel [mychannel] creator org [Org1MSP], cause=null}
org.hyperledger.fabric.sdk.exception.ProposalException: getConfigBlock for channel mychannel failed with peer peer0.org1.example.com.  Status FAILURE, details: Channel Channel{id: 1, name: mychannel} Sending proposal with transaction: 0daf2df29a35a7790c600c19f539a1f94658fe1bfe3c50604bb790f82f310afa to Peer{ id: 2, name: peer0.org1.example.com, channelName: mychannel, url: grpcs://localhost:7051, mspid: Org1MSP} failed because of: gRPC failure=Status{code=UNKNOWN, description=error validating proposal: access denied: channel [mychannel] creator org [Org1MSP], cause=null}
	at org.hyperledger.fabric.sdk.Channel.getConfigBlock(Channel.java:952)
	at org.hyperledger.fabric.sdk.Channel.getConfigBlock(Channel.java:907)
	at org.hyperledger.fabric.sdk.Channel.parseConfigBlock(Channel.java:1994)
	at org.hyperledger.fabric.sdk.Channel.loadCACertificates(Channel.java:1831)
	at org.hyperledger.fabric.sdk.Channel.initialize(Channel.java:1222)
	at org.hyperledger.fabric.gateway.impl.NetworkImpl.initializeChannel(NetworkImpl.java:59)
	at org.hyperledger.fabric.gateway.impl.NetworkImpl.<init>(NetworkImpl.java:50)
	at org.hyperledger.fabric.gateway.impl.GatewayImpl.getNetwork(GatewayImpl.java:252)
	at application.java.App.main(App.java:55)
ERROR	2020-11-04 23:44:00,807	1055	org.hyperledger.fabric.sdk.ServiceDiscovery	[main]	Error access denied
ERROR	2020-11-07 22:23:48,444	4	org.hyperledger.fabric.sdk.Channel	[main]	Channel Channel{id: 1, name: mychannel} Sending proposal with transaction: 63d914fc75313a589caa8e8b22c1adbe0cbfc67f3bb349932f356fec5f661f4f to Peer{ id: 2, name: peer0.org1.example.com, channelName: mychannel, url: grpcs://localhost:7051, mspid: Org1MSP} failed because of: gRPC failure=Status{code=UNKNOWN, description=error validating proposal: access denied: channel [mychannel] creator org [Org1MSP], cause=null}
java.lang.Exception: io.grpc.StatusRuntimeException: UNKNOWN: error validating proposal: access denied: channel [mychannel] creator org [Org1MSP]
	at org.hyperledger.fabric.sdk.Channel.sendProposalToPeers(Channel.java:4965)
	at org.hyperledger.fabric.sdk.Channel.sendProposalToPeers(Channel.java:4868)
	at org.hyperledger.fabric.sdk.Channel.getConfigBlock(Channel.java:941)
	at org.hyperledger.fabric.sdk.Channel.getConfigBlock(Channel.java:907)
	at org.hyperledger.fabric.sdk.Channel.parseConfigBlock(Channel.java:1994)
	at org.hyperledger.fabric.sdk.Channel.loadCACertificates(Channel.java:1831)
	at org.hyperledger.fabric.sdk.Channel.initialize(Channel.java:1222)
	at org.hyperledger.fabric.gateway.impl.NetworkImpl.initializeChannel(NetworkImpl.java:59)
	at org.hyperledger.fabric.gateway.impl.NetworkImpl.<init>(NetworkImpl.java:50)
	at org.hyperledger.fabric.gateway.impl.GatewayImpl.getNetwork(GatewayImpl.java:252)
	at application.java.App.main(App.java:56)
Caused by: io.grpc.StatusRuntimeException: UNKNOWN: error validating proposal: access denied: channel [mychannel] creator org [Org1MSP]
	at io.grpc.Status.asRuntimeException(Status.java:533)
	at io.grpc.stub.ClientCalls$UnaryStreamToFuture.onClose(ClientCalls.java:490)
	at io.grpc.PartialForwardingClientCallListener.onClose(PartialForwardingClientCallListener.java:39)
	at io.grpc.ForwardingClientCallListener.onClose(ForwardingClientCallListener.java:23)
	at io.grpc.ForwardingClientCallListener$SimpleForwardingClientCallListener.onClose(ForwardingClientCallListener.java:40)
	at io.grpc.internal.CensusStatsModule$StatsClientInterceptor$1$1.onClose(CensusStatsModule.java:700)
	at io.grpc.PartialForwardingClientCallListener.onClose(PartialForwardingClientCallListener.java:39)
	at io.grpc.ForwardingClientCallListener.onClose(ForwardingClientCallListener.java:23)
	at io.grpc.ForwardingClientCallListener$SimpleForwardingClientCallListener.onClose(ForwardingClientCallListener.java:40)
	at io.grpc.internal.CensusTracingModule$TracingClientInterceptor$1$1.onClose(CensusTracingModule.java:399)
	at io.grpc.internal.ClientCallImpl.closeObserver(ClientCallImpl.java:510)
	at io.grpc.internal.ClientCallImpl.access$300(ClientCallImpl.java:66)
	at io.grpc.internal.ClientCallImpl$ClientStreamListenerImpl.close(ClientCallImpl.java:630)
	at io.grpc.internal.ClientCallImpl$ClientStreamListenerImpl.access$700(ClientCallImpl.java:518)
	at io.grpc.internal.ClientCallImpl$ClientStreamListenerImpl$1StreamClosed.runInternal(ClientCallImpl.java:692)
	at io.grpc.internal.ClientCallImpl$ClientStreamListenerImpl$1StreamClosed.runInContext(ClientCallImpl.java:681)
	at io.grpc.internal.ContextRunnable.run(ContextRunnable.java:37)
	at io.grpc.internal.SerializingExecutor.run(SerializingExecutor.java:123)
	at java.base/java.util.concurrent.ThreadPoolExecutor.runWorker(ThreadPoolExecutor.java:1128)
	at java.base/java.util.concurrent.ThreadPoolExecutor$Worker.run(ThreadPoolExecutor.java:628)
	at java.base/java.lang.Thread.run(Thread.java:834)
ERROR	2020-11-07 22:23:48,467	27	org.hyperledger.fabric.sdk.Channel	[main]	getConfigBlock for channel mychannel failed with peer peer0.org1.example.com.  Status FAILURE, details: Channel Channel{id: 1, name: mychannel} Sending proposal with transaction: 63d914fc75313a589caa8e8b22c1adbe0cbfc67f3bb349932f356fec5f661f4f to Peer{ id: 2, name: peer0.org1.example.com, channelName: mychannel, url: grpcs://localhost:7051, mspid: Org1MSP} failed because of: gRPC failure=Status{code=UNKNOWN, description=error validating proposal: access denied: channel [mychannel] creator org [Org1MSP], cause=null}
org.hyperledger.fabric.sdk.exception.ProposalException: getConfigBlock for channel mychannel failed with peer peer0.org1.example.com.  Status FAILURE, details: Channel Channel{id: 1, name: mychannel} Sending proposal with transaction: 63d914fc75313a589caa8e8b22c1adbe0cbfc67f3bb349932f356fec5f661f4f to Peer{ id: 2, name: peer0.org1.example.com, channelName: mychannel, url: grpcs://localhost:7051, mspid: Org1MSP} failed because of: gRPC failure=Status{code=UNKNOWN, description=error validating proposal: access denied: channel [mychannel] creator org [Org1MSP], cause=null}
	at org.hyperledger.fabric.sdk.Channel.getConfigBlock(Channel.java:952)
	at org.hyperledger.fabric.sdk.Channel.getConfigBlock(Channel.java:907)
	at org.hyperledger.fabric.sdk.Channel.parseConfigBlock(Channel.java:1994)
	at org.hyperledger.fabric.sdk.Channel.loadCACertificates(Channel.java:1831)
	at org.hyperledger.fabric.sdk.Channel.initialize(Channel.java:1222)
	at org.hyperledger.fabric.gateway.impl.NetworkImpl.initializeChannel(NetworkImpl.java:59)
	at org.hyperledger.fabric.gateway.impl.NetworkImpl.<init>(NetworkImpl.java:50)
	at org.hyperledger.fabric.gateway.impl.GatewayImpl.getNetwork(GatewayImpl.java:252)
	at application.java.App.main(App.java:56)
ERROR	2020-11-07 22:24:19,685	31245	org.hyperledger.fabric.sdk.ServiceDiscovery	[main]	Error access denied
ERROR	2020-11-07 22:25:15,916	0	org.hyperledger.fabric.sdk.Channel	[main]	Channel Channel{id: 1, name: mychannel} Sending proposal with transaction: ee09a057f514ec1fb6c4af34f08c5b7dfdcf97930fb999ec3e335abd5feba9f6 to Peer{ id: 2, name: peer0.org1.example.com, channelName: mychannel, url: grpcs://localhost:7051, mspid: Org1MSP} failed because of: gRPC failure=Status{code=UNKNOWN, description=error validating proposal: access denied: channel [mychannel] creator org [Org1MSP], cause=null}
java.lang.Exception: io.grpc.StatusRuntimeException: UNKNOWN: error validating proposal: access denied: channel [mychannel] creator org [Org1MSP]
	at org.hyperledger.fabric.sdk.Channel.sendProposalToPeers(Channel.java:4965)
	at org.hyperledger.fabric.sdk.Channel.sendProposalToPeers(Channel.java:4868)
	at org.hyperledger.fabric.sdk.Channel.getConfigBlock(Channel.java:941)
	at org.hyperledger.fabric.sdk.Channel.getConfigBlock(Channel.java:907)
	at org.hyperledger.fabric.sdk.Channel.parseConfigBlock(Channel.java:1994)
	at org.hyperledger.fabric.sdk.Channel.loadCACertificates(Channel.java:1831)
	at org.hyperledger.fabric.sdk.Channel.initialize(Channel.java:1222)
	at org.hyperledger.fabric.gateway.impl.NetworkImpl.initializeChannel(NetworkImpl.java:59)
	at org.hyperledger.fabric.gateway.impl.NetworkImpl.<init>(NetworkImpl.java:50)
	at org.hyperledger.fabric.gateway.impl.GatewayImpl.getNetwork(GatewayImpl.java:252)
	at application.java.App.main(App.java:56)
Caused by: io.grpc.StatusRuntimeException: UNKNOWN: error validating proposal: access denied: channel [mychannel] creator org [Org1MSP]
	at io.grpc.Status.asRuntimeException(Status.java:533)
	at io.grpc.stub.ClientCalls$UnaryStreamToFuture.onClose(ClientCalls.java:490)
	at io.grpc.PartialForwardingClientCallListener.onClose(PartialForwardingClientCallListener.java:39)
	at io.grpc.ForwardingClientCallListener.onClose(ForwardingClientCallListener.java:23)
	at io.grpc.ForwardingClientCallListener$SimpleForwardingClientCallListener.onClose(ForwardingClientCallListener.java:40)
	at io.grpc.internal.CensusStatsModule$StatsClientInterceptor$1$1.onClose(CensusStatsModule.java:700)
	at io.grpc.PartialForwardingClientCallListener.onClose(PartialForwardingClientCallListener.java:39)
	at io.grpc.ForwardingClientCallListener.onClose(ForwardingClientCallListener.java:23)
	at io.grpc.ForwardingClientCallListener$SimpleForwardingClientCallListener.onClose(ForwardingClientCallListener.java:40)
	at io.grpc.internal.CensusTracingModule$TracingClientInterceptor$1$1.onClose(CensusTracingModule.java:399)
	at io.grpc.internal.ClientCallImpl.closeObserver(ClientCallImpl.java:510)
	at io.grpc.internal.ClientCallImpl.access$300(ClientCallImpl.java:66)
	at io.grpc.internal.ClientCallImpl$ClientStreamListenerImpl.close(ClientCallImpl.java:630)
	at io.grpc.internal.ClientCallImpl$ClientStreamListenerImpl.access$700(ClientCallImpl.java:518)
	at io.grpc.internal.ClientCallImpl$ClientStreamListenerImpl$1StreamClosed.runInternal(ClientCallImpl.java:692)
	at io.grpc.internal.ClientCallImpl$ClientStreamListenerImpl$1StreamClosed.runInContext(ClientCallImpl.java:681)
	at io.grpc.internal.ContextRunnable.run(ContextRunnable.java:37)
	at io.grpc.internal.SerializingExecutor.run(SerializingExecutor.java:123)
	at java.base/java.util.concurrent.ThreadPoolExecutor.runWorker(ThreadPoolExecutor.java:1128)
	at java.base/java.util.concurrent.ThreadPoolExecutor$Worker.run(ThreadPoolExecutor.java:628)
	at java.base/java.lang.Thread.run(Thread.java:834)
ERROR	2020-11-07 22:25:15,922	6	org.hyperledger.fabric.sdk.Channel	[main]	getConfigBlock for channel mychannel failed with peer peer0.org1.example.com.  Status FAILURE, details: Channel Channel{id: 1, name: mychannel} Sending proposal with transaction: ee09a057f514ec1fb6c4af34f08c5b7dfdcf97930fb999ec3e335abd5feba9f6 to Peer{ id: 2, name: peer0.org1.example.com, channelName: mychannel, url: grpcs://localhost:7051, mspid: Org1MSP} failed because of: gRPC failure=Status{code=UNKNOWN, description=error validating proposal: access denied: channel [mychannel] creator org [Org1MSP], cause=null}
org.hyperledger.fabric.sdk.exception.ProposalException: getConfigBlock for channel mychannel failed with peer peer0.org1.example.com.  Status FAILURE, details: Channel Channel{id: 1, name: mychannel} Sending proposal with transaction: ee09a057f514ec1fb6c4af34f08c5b7dfdcf97930fb999ec3e335abd5feba9f6 to Peer{ id: 2, name: peer0.org1.example.com, channelName: mychannel, url: grpcs://localhost:7051, mspid: Org1MSP} failed because of: gRPC failure=Status{code=UNKNOWN, description=error validating proposal: access denied: channel [mychannel] creator org [Org1MSP], cause=null}
	at org.hyperledger.fabric.sdk.Channel.getConfigBlock(Channel.java:952)
	at org.hyperledger.fabric.sdk.Channel.getConfigBlock(Channel.java:907)
	at org.hyperledger.fabric.sdk.Channel.parseConfigBlock(Channel.java:1994)
	at org.hyperledger.fabric.sdk.Channel.loadCACertificates(Channel.java:1831)
	at org.hyperledger.fabric.sdk.Channel.initialize(Channel.java:1222)
	at org.hyperledger.fabric.gateway.impl.NetworkImpl.initializeChannel(NetworkImpl.java:59)
	at org.hyperledger.fabric.gateway.impl.NetworkImpl.<init>(NetworkImpl.java:50)
	at org.hyperledger.fabric.gateway.impl.GatewayImpl.getNetwork(GatewayImpl.java:252)
	at application.java.App.main(App.java:56)
ERROR	2020-11-07 22:25:16,555	639	org.hyperledger.fabric.sdk.ServiceDiscovery	[main]	Error access denied
ERROR	2020-11-07 22:32:13,923	0	org.hyperledger.fabric.sdk.Channel	[main]	Channel Channel{id: 1, name: mychannel} Sending proposal with transaction: 9d9b6ef7d61da3b26ed84acd50761566f3633d7e4a99b332163cf64e62f5ce39 to Peer{ id: 2, name: peer0.org1.example.com, channelName: mychannel, url: grpcs://localhost:7051, mspid: Org1MSP} failed because of: gRPC failure=Status{code=UNKNOWN, description=error validating proposal: access denied: channel [mychannel] creator org [Org1MSP], cause=null}
java.lang.Exception: io.grpc.StatusRuntimeException: UNKNOWN: error validating proposal: access denied: channel [mychannel] creator org [Org1MSP]
	at org.hyperledger.fabric.sdk.Channel.sendProposalToPeers(Channel.java:4965)
	at org.hyperledger.fabric.sdk.Channel.sendProposalToPeers(Channel.java:4868)
	at org.hyperledger.fabric.sdk.Channel.getConfigBlock(Channel.java:941)
	at org.hyperledger.fabric.sdk.Channel.getConfigBlock(Channel.java:907)
	at org.hyperledger.fabric.sdk.Channel.parseConfigBlock(Channel.java:1994)
	at org.hyperledger.fabric.sdk.Channel.loadCACertificates(Channel.java:1831)
	at org.hyperledger.fabric.sdk.Channel.initialize(Channel.java:1222)
	at org.hyperledger.fabric.gateway.impl.NetworkImpl.initializeChannel(NetworkImpl.java:59)
	at org.hyperledger.fabric.gateway.impl.NetworkImpl.<init>(NetworkImpl.java:50)
	at org.hyperledger.fabric.gateway.impl.GatewayImpl.getNetwork(GatewayImpl.java:252)
	at application.java.App.main(App.java:56)
Caused by: io.grpc.StatusRuntimeException: UNKNOWN: error validating proposal: access denied: channel [mychannel] creator org [Org1MSP]
	at io.grpc.Status.asRuntimeException(Status.java:533)
	at io.grpc.stub.ClientCalls$UnaryStreamToFuture.onClose(ClientCalls.java:490)
	at io.grpc.PartialForwardingClientCallListener.onClose(PartialForwardingClientCallListener.java:39)
	at io.grpc.ForwardingClientCallListener.onClose(ForwardingClientCallListener.java:23)
	at io.grpc.ForwardingClientCallListener$SimpleForwardingClientCallListener.onClose(ForwardingClientCallListener.java:40)
	at io.grpc.internal.CensusStatsModule$StatsClientInterceptor$1$1.onClose(CensusStatsModule.java:700)
	at io.grpc.PartialForwardingClientCallListener.onClose(PartialForwardingClientCallListener.java:39)
	at io.grpc.ForwardingClientCallListener.onClose(ForwardingClientCallListener.java:23)
	at io.grpc.ForwardingClientCallListener$SimpleForwardingClientCallListener.onClose(ForwardingClientCallListener.java:40)
	at io.grpc.internal.CensusTracingModule$TracingClientInterceptor$1$1.onClose(CensusTracingModule.java:399)
	at io.grpc.internal.ClientCallImpl.closeObserver(ClientCallImpl.java:510)
	at io.grpc.internal.ClientCallImpl.access$300(ClientCallImpl.java:66)
	at io.grpc.internal.ClientCallImpl$ClientStreamListenerImpl.close(ClientCallImpl.java:630)
	at io.grpc.internal.ClientCallImpl$ClientStreamListenerImpl.access$700(ClientCallImpl.java:518)
	at io.grpc.internal.ClientCallImpl$ClientStreamListenerImpl$1StreamClosed.runInternal(ClientCallImpl.java:692)
	at io.grpc.internal.ClientCallImpl$ClientStreamListenerImpl$1StreamClosed.runInContext(ClientCallImpl.java:681)
	at io.grpc.internal.ContextRunnable.run(ContextRunnable.java:37)
	at io.grpc.internal.SerializingExecutor.run(SerializingExecutor.java:123)
	at java.base/java.util.concurrent.ThreadPoolExecutor.runWorker(ThreadPoolExecutor.java:1128)
	at java.base/java.util.concurrent.ThreadPoolExecutor$Worker.run(ThreadPoolExecutor.java:628)
	at java.base/java.lang.Thread.run(Thread.java:834)
ERROR	2020-11-07 22:32:13,928	5	org.hyperledger.fabric.sdk.Channel	[main]	getConfigBlock for channel mychannel failed with peer peer0.org1.example.com.  Status FAILURE, details: Channel Channel{id: 1, name: mychannel} Sending proposal with transaction: 9d9b6ef7d61da3b26ed84acd50761566f3633d7e4a99b332163cf64e62f5ce39 to Peer{ id: 2, name: peer0.org1.example.com, channelName: mychannel, url: grpcs://localhost:7051, mspid: Org1MSP} failed because of: gRPC failure=Status{code=UNKNOWN, description=error validating proposal: access denied: channel [mychannel] creator org [Org1MSP], cause=null}
org.hyperledger.fabric.sdk.exception.ProposalException: getConfigBlock for channel mychannel failed with peer peer0.org1.example.com.  Status FAILURE, details: Channel Channel{id: 1, name: mychannel} Sending proposal with transaction: 9d9b6ef7d61da3b26ed84acd50761566f3633d7e4a99b332163cf64e62f5ce39 to Peer{ id: 2, name: peer0.org1.example.com, channelName: mychannel, url: grpcs://localhost:7051, mspid: Org1MSP} failed because of: gRPC failure=Status{code=UNKNOWN, description=error validating proposal: access denied: channel [mychannel] creator org [Org1MSP], cause=null}
	at org.hyperledger.fabric.sdk.Channel.getConfigBlock(Channel.java:952)
	at org.hyperledger.fabric.sdk.Channel.getConfigBlock(Channel.java:907)
	at org.hyperledger.fabric.sdk.Channel.parseConfigBlock(Channel.java:1994)
	at org.hyperledger.fabric.sdk.Channel.loadCACertificates(Channel.java:1831)
	at org.hyperledger.fabric.sdk.Channel.initialize(Channel.java:1222)
	at org.hyperledger.fabric.gateway.impl.NetworkImpl.initializeChannel(NetworkImpl.java:59)
	at org.hyperledger.fabric.gateway.impl.NetworkImpl.<init>(NetworkImpl.java:50)
	at org.hyperledger.fabric.gateway.impl.GatewayImpl.getNetwork(GatewayImpl.java:252)
	at application.java.App.main(App.java:56)
ERROR	2020-11-07 22:32:14,556	633	org.hyperledger.fabric.sdk.ServiceDiscovery	[main]	Error access denied
ERROR	2020-11-07 22:41:38,681	0	org.hyperledger.fabric.sdk.Channel	[main]	Channel Channel{id: 1, name: mychannel} Sending proposal with transaction: b86857122ad2ebd888e7c740f890d851acd0c6b484f5434ff12cf26a7a1dbbd0 to Peer{ id: 2, name: peer0.org1.example.com, channelName: mychannel, url: grpcs://localhost:7051, mspid: Org1MSP} failed because of: gRPC failure=Status{code=UNKNOWN, description=error validating proposal: access denied: channel [mychannel] creator org [Org1MSP], cause=null}
java.lang.Exception: io.grpc.StatusRuntimeException: UNKNOWN: error validating proposal: access denied: channel [mychannel] creator org [Org1MSP]
	at org.hyperledger.fabric.sdk.Channel.sendProposalToPeers(Channel.java:4965)
	at org.hyperledger.fabric.sdk.Channel.sendProposalToPeers(Channel.java:4868)
	at org.hyperledger.fabric.sdk.Channel.getConfigBlock(Channel.java:941)
	at org.hyperledger.fabric.sdk.Channel.getConfigBlock(Channel.java:907)
	at org.hyperledger.fabric.sdk.Channel.parseConfigBlock(Channel.java:1994)
	at org.hyperledger.fabric.sdk.Channel.loadCACertificates(Channel.java:1831)
	at org.hyperledger.fabric.sdk.Channel.initialize(Channel.java:1222)
	at org.hyperledger.fabric.gateway.impl.NetworkImpl.initializeChannel(NetworkImpl.java:59)
	at org.hyperledger.fabric.gateway.impl.NetworkImpl.<init>(NetworkImpl.java:50)
	at org.hyperledger.fabric.gateway.impl.GatewayImpl.getNetwork(GatewayImpl.java:252)
	at application.java.App.main(App.java:56)
Caused by: io.grpc.StatusRuntimeException: UNKNOWN: error validating proposal: access denied: channel [mychannel] creator org [Org1MSP]
	at io.grpc.Status.asRuntimeException(Status.java:533)
	at io.grpc.stub.ClientCalls$UnaryStreamToFuture.onClose(ClientCalls.java:490)
	at io.grpc.PartialForwardingClientCallListener.onClose(PartialForwardingClientCallListener.java:39)
	at io.grpc.ForwardingClientCallListener.onClose(ForwardingClientCallListener.java:23)
	at io.grpc.ForwardingClientCallListener$SimpleForwardingClientCallListener.onClose(ForwardingClientCallListener.java:40)
	at io.grpc.internal.CensusStatsModule$StatsClientInterceptor$1$1.onClose(CensusStatsModule.java:700)
	at io.grpc.PartialForwardingClientCallListener.onClose(PartialForwardingClientCallListener.java:39)
	at io.grpc.ForwardingClientCallListener.onClose(ForwardingClientCallListener.java:23)
	at io.grpc.ForwardingClientCallListener$SimpleForwardingClientCallListener.onClose(ForwardingClientCallListener.java:40)
	at io.grpc.internal.CensusTracingModule$TracingClientInterceptor$1$1.onClose(CensusTracingModule.java:399)
	at io.grpc.internal.ClientCallImpl.closeObserver(ClientCallImpl.java:510)
	at io.grpc.internal.ClientCallImpl.access$300(ClientCallImpl.java:66)
	at io.grpc.internal.ClientCallImpl$ClientStreamListenerImpl.close(ClientCallImpl.java:630)
	at io.grpc.internal.ClientCallImpl$ClientStreamListenerImpl.access$700(ClientCallImpl.java:518)
	at io.grpc.internal.ClientCallImpl$ClientStreamListenerImpl$1StreamClosed.runInternal(ClientCallImpl.java:692)
	at io.grpc.internal.ClientCallImpl$ClientStreamListenerImpl$1StreamClosed.runInContext(ClientCallImpl.java:681)
	at io.grpc.internal.ContextRunnable.run(ContextRunnable.java:37)
	at io.grpc.internal.SerializingExecutor.run(SerializingExecutor.java:123)
	at java.base/java.util.concurrent.ThreadPoolExecutor.runWorker(ThreadPoolExecutor.java:1128)
	at java.base/java.util.concurrent.ThreadPoolExecutor$Worker.run(ThreadPoolExecutor.java:628)
	at java.base/java.lang.Thread.run(Thread.java:834)
ERROR	2020-11-07 22:41:38,696	15	org.hyperledger.fabric.sdk.Channel	[main]	getConfigBlock for channel mychannel failed with peer peer0.org1.example.com.  Status FAILURE, details: Channel Channel{id: 1, name: mychannel} Sending proposal with transaction: b86857122ad2ebd888e7c740f890d851acd0c6b484f5434ff12cf26a7a1dbbd0 to Peer{ id: 2, name: peer0.org1.example.com, channelName: mychannel, url: grpcs://localhost:7051, mspid: Org1MSP} failed because of: gRPC failure=Status{code=UNKNOWN, description=error validating proposal: access denied: channel [mychannel] creator org [Org1MSP], cause=null}
org.hyperledger.fabric.sdk.exception.ProposalException: getConfigBlock for channel mychannel failed with peer peer0.org1.example.com.  Status FAILURE, details: Channel Channel{id: 1, name: mychannel} Sending proposal with transaction: b86857122ad2ebd888e7c740f890d851acd0c6b484f5434ff12cf26a7a1dbbd0 to Peer{ id: 2, name: peer0.org1.example.com, channelName: mychannel, url: grpcs://localhost:7051, mspid: Org1MSP} failed because of: gRPC failure=Status{code=UNKNOWN, description=error validating proposal: access denied: channel [mychannel] creator org [Org1MSP], cause=null}
	at org.hyperledger.fabric.sdk.Channel.getConfigBlock(Channel.java:952)
	at org.hyperledger.fabric.sdk.Channel.getConfigBlock(Channel.java:907)
	at org.hyperledger.fabric.sdk.Channel.parseConfigBlock(Channel.java:1994)
	at org.hyperledger.fabric.sdk.Channel.loadCACertificates(Channel.java:1831)
	at org.hyperledger.fabric.sdk.Channel.initialize(Channel.java:1222)
	at org.hyperledger.fabric.gateway.impl.NetworkImpl.initializeChannel(NetworkImpl.java:59)
	at org.hyperledger.fabric.gateway.impl.NetworkImpl.<init>(NetworkImpl.java:50)
	at org.hyperledger.fabric.gateway.impl.GatewayImpl.getNetwork(GatewayImpl.java:252)
	at application.java.App.main(App.java:56)
ERROR	2020-11-07 22:41:39,548	867	org.hyperledger.fabric.sdk.ServiceDiscovery	[main]	Error access denied
ERROR	2020-11-07 22:50:20,252	1	org.hyperledger.fabric.sdk.Channel	[main]	Channel Channel{id: 1, name: mychannel} Sending proposal with transaction: dc2d3deff2d3bdee0ad57d7e3bbfd2a489e7edf2c29e1a3cdd7ede15fabbefb5 to Peer{ id: 2, name: peer0.org1.example.com, channelName: mychannel, url: grpcs://localhost:7051, mspid: Org1MSP} failed because of: gRPC failure=Status{code=UNKNOWN, description=error validating proposal: access denied: channel [mychannel] creator org [Org1MSP], cause=null}
java.lang.Exception: io.grpc.StatusRuntimeException: UNKNOWN: error validating proposal: access denied: channel [mychannel] creator org [Org1MSP]
	at org.hyperledger.fabric.sdk.Channel.sendProposalToPeers(Channel.java:4965)
	at org.hyperledger.fabric.sdk.Channel.sendProposalToPeers(Channel.java:4868)
	at org.hyperledger.fabric.sdk.Channel.getConfigBlock(Channel.java:941)
	at org.hyperledger.fabric.sdk.Channel.getConfigBlock(Channel.java:907)
	at org.hyperledger.fabric.sdk.Channel.parseConfigBlock(Channel.java:1994)
	at org.hyperledger.fabric.sdk.Channel.loadCACertificates(Channel.java:1831)
	at org.hyperledger.fabric.sdk.Channel.initialize(Channel.java:1222)
	at org.hyperledger.fabric.gateway.impl.NetworkImpl.initializeChannel(NetworkImpl.java:59)
	at org.hyperledger.fabric.gateway.impl.NetworkImpl.<init>(NetworkImpl.java:50)
	at org.hyperledger.fabric.gateway.impl.GatewayImpl.getNetwork(GatewayImpl.java:252)
	at application.java.App.main(App.java:56)
Caused by: io.grpc.StatusRuntimeException: UNKNOWN: error validating proposal: access denied: channel [mychannel] creator org [Org1MSP]
	at io.grpc.Status.asRuntimeException(Status.java:533)
	at io.grpc.stub.ClientCalls$UnaryStreamToFuture.onClose(ClientCalls.java:490)
	at io.grpc.PartialForwardingClientCallListener.onClose(PartialForwardingClientCallListener.java:39)
	at io.grpc.ForwardingClientCallListener.onClose(ForwardingClientCallListener.java:23)
	at io.grpc.ForwardingClientCallListener$SimpleForwardingClientCallListener.onClose(ForwardingClientCallListener.java:40)
	at io.grpc.internal.CensusStatsModule$StatsClientInterceptor$1$1.onClose(CensusStatsModule.java:700)
	at io.grpc.PartialForwardingClientCallListener.onClose(PartialForwardingClientCallListener.java:39)
	at io.grpc.ForwardingClientCallListener.onClose(ForwardingClientCallListener.java:23)
	at io.grpc.ForwardingClientCallListener$SimpleForwardingClientCallListener.onClose(ForwardingClientCallListener.java:40)
	at io.grpc.internal.CensusTracingModule$TracingClientInterceptor$1$1.onClose(CensusTracingModule.java:399)
	at io.grpc.internal.ClientCallImpl.closeObserver(ClientCallImpl.java:510)
	at io.grpc.internal.ClientCallImpl.access$300(ClientCallImpl.java:66)
	at io.grpc.internal.ClientCallImpl$ClientStreamListenerImpl.close(ClientCallImpl.java:630)
	at io.grpc.internal.ClientCallImpl$ClientStreamListenerImpl.access$700(ClientCallImpl.java:518)
	at io.grpc.internal.ClientCallImpl$ClientStreamListenerImpl$1StreamClosed.runInternal(ClientCallImpl.java:692)
	at io.grpc.internal.ClientCallImpl$ClientStreamListenerImpl$1StreamClosed.runInContext(ClientCallImpl.java:681)
	at io.grpc.internal.ContextRunnable.run(ContextRunnable.java:37)
	at io.grpc.internal.SerializingExecutor.run(SerializingExecutor.java:123)
	at java.base/java.util.concurrent.ThreadPoolExecutor.runWorker(ThreadPoolExecutor.java:1128)
	at java.base/java.util.concurrent.ThreadPoolExecutor$Worker.run(ThreadPoolExecutor.java:628)
	at java.base/java.lang.Thread.run(Thread.java:834)
ERROR	2020-11-07 22:50:20,260	9	org.hyperledger.fabric.sdk.Channel	[main]	getConfigBlock for channel mychannel failed with peer peer0.org1.example.com.  Status FAILURE, details: Channel Channel{id: 1, name: mychannel} Sending proposal with transaction: dc2d3deff2d3bdee0ad57d7e3bbfd2a489e7edf2c29e1a3cdd7ede15fabbefb5 to Peer{ id: 2, name: peer0.org1.example.com, channelName: mychannel, url: grpcs://localhost:7051, mspid: Org1MSP} failed because of: gRPC failure=Status{code=UNKNOWN, description=error validating proposal: access denied: channel [mychannel] creator org [Org1MSP], cause=null}
org.hyperledger.fabric.sdk.exception.ProposalException: getConfigBlock for channel mychannel failed with peer peer0.org1.example.com.  Status FAILURE, details: Channel Channel{id: 1, name: mychannel} Sending proposal with transaction: dc2d3deff2d3bdee0ad57d7e3bbfd2a489e7edf2c29e1a3cdd7ede15fabbefb5 to Peer{ id: 2, name: peer0.org1.example.com, channelName: mychannel, url: grpcs://localhost:7051, mspid: Org1MSP} failed because of: gRPC failure=Status{code=UNKNOWN, description=error validating proposal: access denied: channel [mychannel] creator org [Org1MSP], cause=null}
	at org.hyperledger.fabric.sdk.Channel.getConfigBlock(Channel.java:952)
	at org.hyperledger.fabric.sdk.Channel.getConfigBlock(Channel.java:907)
	at org.hyperledger.fabric.sdk.Channel.parseConfigBlock(Channel.java:1994)
	at org.hyperledger.fabric.sdk.Channel.loadCACertificates(Channel.java:1831)
	at org.hyperledger.fabric.sdk.Channel.initialize(Channel.java:1222)
	at org.hyperledger.fabric.gateway.impl.NetworkImpl.initializeChannel(NetworkImpl.java:59)
	at org.hyperledger.fabric.gateway.impl.NetworkImpl.<init>(NetworkImpl.java:50)
	at org.hyperledger.fabric.gateway.impl.GatewayImpl.getNetwork(GatewayImpl.java:252)
	at application.java.App.main(App.java:56)
ERROR	2020-11-07 22:50:20,858	607	org.hyperledger.fabric.sdk.ServiceDiscovery	[main]	Error access denied
ERROR	2020-11-07 22:55:57,748	1	org.hyperledger.fabric.sdk.Channel	[main]	Channel Channel{id: 1, name: mychannel} Sending proposal with transaction: f2254fcc9ac28ed3e71fa5096ed301a424af6bcf1428e3f98272bf797043de91 to Peer{ id: 2, name: peer0.org1.example.com, channelName: mychannel, url: grpcs://localhost:7051, mspid: Org1MSP} failed because of: gRPC failure=Status{code=UNKNOWN, description=error validating proposal: access denied: channel [mychannel] creator org [Org1MSP], cause=null}
java.lang.Exception: io.grpc.StatusRuntimeException: UNKNOWN: error validating proposal: access denied: channel [mychannel] creator org [Org1MSP]
	at org.hyperledger.fabric.sdk.Channel.sendProposalToPeers(Channel.java:4965)
	at org.hyperledger.fabric.sdk.Channel.sendProposalToPeers(Channel.java:4868)
	at org.hyperledger.fabric.sdk.Channel.getConfigBlock(Channel.java:941)
	at org.hyperledger.fabric.sdk.Channel.getConfigBlock(Channel.java:907)
	at org.hyperledger.fabric.sdk.Channel.parseConfigBlock(Channel.java:1994)
	at org.hyperledger.fabric.sdk.Channel.loadCACertificates(Channel.java:1831)
	at org.hyperledger.fabric.sdk.Channel.initialize(Channel.java:1222)
	at org.hyperledger.fabric.gateway.impl.NetworkImpl.initializeChannel(NetworkImpl.java:59)
	at org.hyperledger.fabric.gateway.impl.NetworkImpl.<init>(NetworkImpl.java:50)
	at org.hyperledger.fabric.gateway.impl.GatewayImpl.getNetwork(GatewayImpl.java:252)
	at application.java.App.main(App.java:56)
Caused by: io.grpc.StatusRuntimeException: UNKNOWN: error validating proposal: access denied: channel [mychannel] creator org [Org1MSP]
	at io.grpc.Status.asRuntimeException(Status.java:533)
	at io.grpc.stub.ClientCalls$UnaryStreamToFuture.onClose(ClientCalls.java:490)
	at io.grpc.PartialForwardingClientCallListener.onClose(PartialForwardingClientCallListener.java:39)
	at io.grpc.ForwardingClientCallListener.onClose(ForwardingClientCallListener.java:23)
	at io.grpc.ForwardingClientCallListener$SimpleForwardingClientCallListener.onClose(ForwardingClientCallListener.java:40)
	at io.grpc.internal.CensusStatsModule$StatsClientInterceptor$1$1.onClose(CensusStatsModule.java:700)
	at io.grpc.PartialForwardingClientCallListener.onClose(PartialForwardingClientCallListener.java:39)
	at io.grpc.ForwardingClientCallListener.onClose(ForwardingClientCallListener.java:23)
	at io.grpc.ForwardingClientCallListener$SimpleForwardingClientCallListener.onClose(ForwardingClientCallListener.java:40)
	at io.grpc.internal.CensusTracingModule$TracingClientInterceptor$1$1.onClose(CensusTracingModule.java:399)
	at io.grpc.internal.ClientCallImpl.closeObserver(ClientCallImpl.java:510)
	at io.grpc.internal.ClientCallImpl.access$300(ClientCallImpl.java:66)
	at io.grpc.internal.ClientCallImpl$ClientStreamListenerImpl.close(ClientCallImpl.java:630)
	at io.grpc.internal.ClientCallImpl$ClientStreamListenerImpl.access$700(ClientCallImpl.java:518)
	at io.grpc.internal.ClientCallImpl$ClientStreamListenerImpl$1StreamClosed.runInternal(ClientCallImpl.java:692)
	at io.grpc.internal.ClientCallImpl$ClientStreamListenerImpl$1StreamClosed.runInContext(ClientCallImpl.java:681)
	at io.grpc.internal.ContextRunnable.run(ContextRunnable.java:37)
	at io.grpc.internal.SerializingExecutor.run(SerializingExecutor.java:123)
	at java.base/java.util.concurrent.ThreadPoolExecutor.runWorker(ThreadPoolExecutor.java:1128)
	at java.base/java.util.concurrent.ThreadPoolExecutor$Worker.run(ThreadPoolExecutor.java:628)
	at java.base/java.lang.Thread.run(Thread.java:834)
ERROR	2020-11-07 22:55:57,754	7	org.hyperledger.fabric.sdk.Channel	[main]	getConfigBlock for channel mychannel failed with peer peer0.org1.example.com.  Status FAILURE, details: Channel Channel{id: 1, name: mychannel} Sending proposal with transaction: f2254fcc9ac28ed3e71fa5096ed301a424af6bcf1428e3f98272bf797043de91 to Peer{ id: 2, name: peer0.org1.example.com, channelName: mychannel, url: grpcs://localhost:7051, mspid: Org1MSP} failed because of: gRPC failure=Status{code=UNKNOWN, description=error validating proposal: access denied: channel [mychannel] creator org [Org1MSP], cause=null}
org.hyperledger.fabric.sdk.exception.ProposalException: getConfigBlock for channel mychannel failed with peer peer0.org1.example.com.  Status FAILURE, details: Channel Channel{id: 1, name: mychannel} Sending proposal with transaction: f2254fcc9ac28ed3e71fa5096ed301a424af6bcf1428e3f98272bf797043de91 to Peer{ id: 2, name: peer0.org1.example.com, channelName: mychannel, url: grpcs://localhost:7051, mspid: Org1MSP} failed because of: gRPC failure=Status{code=UNKNOWN, description=error validating proposal: access denied: channel [mychannel] creator org [Org1MSP], cause=null}
	at org.hyperledger.fabric.sdk.Channel.getConfigBlock(Channel.java:952)
	at org.hyperledger.fabric.sdk.Channel.getConfigBlock(Channel.java:907)
	at org.hyperledger.fabric.sdk.Channel.parseConfigBlock(Channel.java:1994)
	at org.hyperledger.fabric.sdk.Channel.loadCACertificates(Channel.java:1831)
	at org.hyperledger.fabric.sdk.Channel.initialize(Channel.java:1222)
	at org.hyperledger.fabric.gateway.impl.NetworkImpl.initializeChannel(NetworkImpl.java:59)
	at org.hyperledger.fabric.gateway.impl.NetworkImpl.<init>(NetworkImpl.java:50)
	at org.hyperledger.fabric.gateway.impl.GatewayImpl.getNetwork(GatewayImpl.java:252)
	at application.java.App.main(App.java:56)
ERROR	2020-11-07 22:55:58,548	801	org.hyperledger.fabric.sdk.ServiceDiscovery	[main]	Error access denied
ERROR	2020-11-07 23:17:32,754	1	org.hyperledger.fabric.sdk.Channel	[main]	Channel Channel{id: 1, name: mychannel} Sending proposal with transaction: 0f3742cc470026a5a384237194a4035f39d2c559957040750cc6402b4fc986fa to Peer{ id: 2, name: peer0.org1.example.com, channelName: mychannel, url: grpcs://localhost:7051, mspid: Org1MSP} failed because of: gRPC failure=Status{code=UNKNOWN, description=error validating proposal: access denied: channel [mychannel] creator org [Org1MSP], cause=null}
java.lang.Exception: io.grpc.StatusRuntimeException: UNKNOWN: error validating proposal: access denied: channel [mychannel] creator org [Org1MSP]
	at org.hyperledger.fabric.sdk.Channel.sendProposalToPeers(Channel.java:4965)
	at org.hyperledger.fabric.sdk.Channel.sendProposalToPeers(Channel.java:4868)
	at org.hyperledger.fabric.sdk.Channel.getConfigBlock(Channel.java:941)
	at org.hyperledger.fabric.sdk.Channel.getConfigBlock(Channel.java:907)
	at org.hyperledger.fabric.sdk.Channel.parseConfigBlock(Channel.java:1994)
	at org.hyperledger.fabric.sdk.Channel.loadCACertificates(Channel.java:1831)
	at org.hyperledger.fabric.sdk.Channel.initialize(Channel.java:1222)
	at org.hyperledger.fabric.gateway.impl.NetworkImpl.initializeChannel(NetworkImpl.java:59)
	at org.hyperledger.fabric.gateway.impl.NetworkImpl.<init>(NetworkImpl.java:50)
	at org.hyperledger.fabric.gateway.impl.GatewayImpl.getNetwork(GatewayImpl.java:252)
	at application.java.App.main(App.java:56)
Caused by: io.grpc.StatusRuntimeException: UNKNOWN: error validating proposal: access denied: channel [mychannel] creator org [Org1MSP]
	at io.grpc.Status.asRuntimeException(Status.java:533)
	at io.grpc.stub.ClientCalls$UnaryStreamToFuture.onClose(ClientCalls.java:490)
	at io.grpc.PartialForwardingClientCallListener.onClose(PartialForwardingClientCallListener.java:39)
	at io.grpc.ForwardingClientCallListener.onClose(ForwardingClientCallListener.java:23)
	at io.grpc.ForwardingClientCallListener$SimpleForwardingClientCallListener.onClose(ForwardingClientCallListener.java:40)
	at io.grpc.internal.CensusStatsModule$StatsClientInterceptor$1$1.onClose(CensusStatsModule.java:700)
	at io.grpc.PartialForwardingClientCallListener.onClose(PartialForwardingClientCallListener.java:39)
	at io.grpc.ForwardingClientCallListener.onClose(ForwardingClientCallListener.java:23)
	at io.grpc.ForwardingClientCallListener$SimpleForwardingClientCallListener.onClose(ForwardingClientCallListener.java:40)
	at io.grpc.internal.CensusTracingModule$TracingClientInterceptor$1$1.onClose(CensusTracingModule.java:399)
	at io.grpc.internal.ClientCallImpl.closeObserver(ClientCallImpl.java:510)
	at io.grpc.internal.ClientCallImpl.access$300(ClientCallImpl.java:66)
	at io.grpc.internal.ClientCallImpl$ClientStreamListenerImpl.close(ClientCallImpl.java:630)
	at io.grpc.internal.ClientCallImpl$ClientStreamListenerImpl.access$700(ClientCallImpl.java:518)
	at io.grpc.internal.ClientCallImpl$ClientStreamListenerImpl$1StreamClosed.runInternal(ClientCallImpl.java:692)
	at io.grpc.internal.ClientCallImpl$ClientStreamListenerImpl$1StreamClosed.runInContext(ClientCallImpl.java:681)
	at io.grpc.internal.ContextRunnable.run(ContextRunnable.java:37)
	at io.grpc.internal.SerializingExecutor.run(SerializingExecutor.java:123)
	at java.base/java.util.concurrent.ThreadPoolExecutor.runWorker(ThreadPoolExecutor.java:1128)
	at java.base/java.util.concurrent.ThreadPoolExecutor$Worker.run(ThreadPoolExecutor.java:628)
	at java.base/java.lang.Thread.run(Thread.java:834)
ERROR	2020-11-07 23:17:32,772	19	org.hyperledger.fabric.sdk.Channel	[main]	getConfigBlock for channel mychannel failed with peer peer0.org1.example.com.  Status FAILURE, details: Channel Channel{id: 1, name: mychannel} Sending proposal with transaction: 0f3742cc470026a5a384237194a4035f39d2c559957040750cc6402b4fc986fa to Peer{ id: 2, name: peer0.org1.example.com, channelName: mychannel, url: grpcs://localhost:7051, mspid: Org1MSP} failed because of: gRPC failure=Status{code=UNKNOWN, description=error validating proposal: access denied: channel [mychannel] creator org [Org1MSP], cause=null}
org.hyperledger.fabric.sdk.exception.ProposalException: getConfigBlock for channel mychannel failed with peer peer0.org1.example.com.  Status FAILURE, details: Channel Channel{id: 1, name: mychannel} Sending proposal with transaction: 0f3742cc470026a5a384237194a4035f39d2c559957040750cc6402b4fc986fa to Peer{ id: 2, name: peer0.org1.example.com, channelName: mychannel, url: grpcs://localhost:7051, mspid: Org1MSP} failed because of: gRPC failure=Status{code=UNKNOWN, description=error validating proposal: access denied: channel [mychannel] creator org [Org1MSP], cause=null}
	at org.hyperledger.fabric.sdk.Channel.getConfigBlock(Channel.java:952)
	at org.hyperledger.fabric.sdk.Channel.getConfigBlock(Channel.java:907)
	at org.hyperledger.fabric.sdk.Channel.parseConfigBlock(Channel.java:1994)
	at org.hyperledger.fabric.sdk.Channel.loadCACertificates(Channel.java:1831)
	at org.hyperledger.fabric.sdk.Channel.initialize(Channel.java:1222)
	at org.hyperledger.fabric.gateway.impl.NetworkImpl.initializeChannel(NetworkImpl.java:59)
	at org.hyperledger.fabric.gateway.impl.NetworkImpl.<init>(NetworkImpl.java:50)
	at org.hyperledger.fabric.gateway.impl.GatewayImpl.getNetwork(GatewayImpl.java:252)
	at application.java.App.main(App.java:56)
ERROR	2020-11-07 23:17:33,373	620	org.hyperledger.fabric.sdk.ServiceDiscovery	[main]	Error access denied
